<?xml version="1.0" encoding="utf-8"?><testsuites name="pytest tests"><testsuite name="pytest" errors="0" failures="0" skipped="0" tests="6" time="4.093" timestamp="2026-03-11T21:05:06.895936+00:00" hostname="agent-env-397dac34-084e-4c71-920f-cc2bf5600cf1"><testcase classname="backend.tests.test_recruiter_auth_flow" name="test_signup_creates_recruiter_and_returns_bearer_token" time="0.518" /><testcase classname="backend.tests.test_recruiter_auth_flow" name="test_login_validates_credentials_and_returns_token" time="0.585" /><testcase classname="backend.tests.test_recruiter_auth_flow" name="test_login_rejects_invalid_password" time="0.574" /><testcase classname="backend.tests.test_recruiter_auth_flow" name="test_recruiter_me_requires_bearer_token" time="0.059" /><testcase classname="backend.tests.test_recruiter_auth_flow" name="test_recruiter_me_returns_profile_for_valid_token" time="0.359" /><testcase classname="backend.tests.test_recruiter_auth_flow" name="test_remember_me_true_has_longer_exp_than_false" time="1.910" /></testsuite></testsuites>